2025-11-21 01:23:14 INFO  [background-preinit] o.h.validator.internal.util.Version - HV000001: Hibernate Validator 8.0.3.Final
2025-11-21 01:23:14 INFO  [main] c.airlock.backend.BackendApplication - Starting BackendApplication using Java 17.0.12 with PID 39032 (C:\Users\songs\Desktop\airlock\backend\build\classes\java\main started by songs in C:\Users\songs\Desktop\airlock\backend)
2025-11-21 01:23:14 INFO  [main] c.airlock.backend.BackendApplication - No active profile set, falling back to 1 default profile: "default"
2025-11-21 01:23:15 INFO  [main] o.s.d.r.c.RepositoryConfigurationDelegate - Bootstrapping Spring Data JPA repositories in DEFAULT mode.
2025-11-21 01:23:15 INFO  [main] o.s.d.r.c.RepositoryConfigurationDelegate - Finished Spring Data repository scanning in 29 ms. Found 2 JPA repository interfaces.
2025-11-21 01:23:15 INFO  [main] o.s.b.w.e.tomcat.TomcatWebServer - Tomcat initialized with port 8080 (http)
2025-11-21 01:23:15 INFO  [main] o.a.coyote.http11.Http11NioProtocol - Initializing ProtocolHandler ["http-nio-8080"]
2025-11-21 01:23:15 INFO  [main] o.a.catalina.core.StandardService - Starting service [Tomcat]
2025-11-21 01:23:15 INFO  [main] o.a.catalina.core.StandardEngine - Starting Servlet engine: [Apache Tomcat/10.1.48]
2025-11-21 01:23:15 INFO  [main] o.a.c.c.C.[Tomcat].[localhost].[/] - Initializing Spring embedded WebApplicationContext
2025-11-21 01:23:15 INFO  [main] o.s.b.w.s.c.ServletWebServerApplicationContext - Root WebApplicationContext: initialization completed in 1069 ms
2025-11-21 01:23:15 INFO  [main] com.zaxxer.hikari.HikariDataSource - HikariPool-1 - Starting...
2025-11-21 01:23:15 INFO  [main] com.zaxxer.hikari.pool.HikariPool - HikariPool-1 - Added connection conn0: url=jdbc:h2:mem:818b0b73-e7b6-4455-bd49-a5b2cdeea729 user=SA
2025-11-21 01:23:15 INFO  [main] com.zaxxer.hikari.HikariDataSource - HikariPool-1 - Start completed.
2025-11-21 01:23:15 INFO  [main] o.h.jpa.internal.util.LogHelper - HHH000204: Processing PersistenceUnitInfo [name: default]
2025-11-21 01:23:15 INFO  [main] org.hibernate.Version - HHH000412: Hibernate ORM core version 6.6.33.Final
2025-11-21 01:23:15 INFO  [main] o.h.c.i.RegionFactoryInitiator - HHH000026: Second-level cache disabled
2025-11-21 01:23:16 INFO  [main] o.s.o.j.p.SpringPersistenceUnitInfo - No LoadTimeWeaver setup: ignoring JPA class transformer
2025-11-21 01:23:16 INFO  [main] o.hibernate.orm.connections.pooling - HHH10001005: Database info:
	Database JDBC URL [Connecting through datasource 'HikariDataSource (HikariPool-1)']
	Database driver: undefined/unknown
	Database version: 2.3.232
	Autocommit mode: undefined/unknown
	Isolation level: undefined/unknown
	Minimum pool size: undefined/unknown
	Maximum pool size: undefined/unknown
2025-11-21 01:23:16 INFO  [main] o.h.e.t.j.p.i.JtaPlatformInitiator - HHH000489: No JTA platform available (set 'hibernate.transaction.jta.platform' to enable JTA platform integration)
2025-11-21 01:23:16 INFO  [main] o.s.o.j.LocalContainerEntityManagerFactoryBean - Initialized JPA EntityManagerFactory for persistence unit 'default'
2025-11-21 01:23:16 INFO  [main] c.a.backend.config.WebSocketConfig - WebSocketConfig initialized, handler = com.airlock.backend.controller.SignalingHandler
2025-11-21 01:23:16 WARN  [main] o.s.b.a.o.j.JpaBaseConfiguration$JpaWebConfiguration - spring.jpa.open-in-view is enabled by default. Therefore, database queries may be performed during view rendering. Explicitly configure spring.jpa.open-in-view to disable this warning
2025-11-21 01:23:17 WARN  [main] o.s.b.a.s.s.UserDetailsServiceAutoConfiguration - 

Using generated security password: 4f59c053-a23d-4dd0-bb66-f6a8dbfb6872

This generated password is for development use only. Your security configuration must be updated before running your application in production.

2025-11-21 01:23:17 INFO  [main] o.s.s.c.a.a.c.InitializeUserDetailsBeanManagerConfigurer$InitializeUserDetailsManagerConfigurer - Global AuthenticationManager configured with UserDetailsService bean with name inMemoryUserDetailsManager
2025-11-21 01:23:17 INFO  [main] o.s.b.a.e.web.EndpointLinksResolver - Exposing 1 endpoint beneath base path '/actuator'
2025-11-21 01:23:17 INFO  [main] o.a.coyote.http11.Http11NioProtocol - Starting ProtocolHandler ["http-nio-8080"]
2025-11-21 01:23:17 INFO  [main] o.s.b.w.e.tomcat.TomcatWebServer - Tomcat started on port 8080 (http) with context path '/'
2025-11-21 01:23:17 INFO  [main] c.airlock.backend.BackendApplication - Started BackendApplication in 3.226 seconds (process running for 3.584)
2025-11-21 01:23:20 INFO  [http-nio-8080-exec-2] o.a.c.c.C.[Tomcat].[localhost].[/] - Initializing Spring DispatcherServlet 'dispatcherServlet'
2025-11-21 01:23:20 INFO  [http-nio-8080-exec-2] o.s.web.servlet.DispatcherServlet - Initializing Servlet 'dispatcherServlet'
2025-11-21 01:23:20 INFO  [http-nio-8080-exec-2] o.s.web.servlet.DispatcherServlet - Completed initialization in 1 ms
2025-11-21 01:23:20 INFO  [http-nio-8080-exec-1] c.a.b.controller.SignalingHandler - WebSocket connected: 110c2d95-8846-1caf-8adc-e5cdd2c470ee
2025-11-21 01:23:20 INFO  [http-nio-8080-exec-2] c.a.b.controller.SignalingHandler - WebSocket connected: 9c525885-2318-cceb-9c30-46e6f2d36c0c
2025-11-21 01:23:20 INFO  [http-nio-8080-exec-2] c.a.b.controller.SignalingHandler - Received text message from signalingHandler: {"type":"join","roomId":1,"userId":1}
2025-11-21 01:23:20 INFO  [http-nio-8080-exec-1] c.a.b.controller.SignalingHandler - WebSocket closed: 110c2d95-8846-1caf-8adc-e5cdd2c470ee (CloseStatus[code=1006, reason=현재 연결은 사용자의 호스트 시스템의 소프트웨어의 의해 중단되었습니다])
2025-11-21 01:23:20 ERROR [http-nio-8080-exec-2] c.a.b.controller.SignalingHandler - Failed to parse signaling message
com.fasterxml.jackson.databind.exc.UnrecognizedPropertyException: Unrecognized field "roomId" (class com.airlock.backend.dto.signal.SignalingMessage), not marked as ignorable (8 known properties: "sdpMLineIndex", "candidate", "message", "sdpMid", "type", "to", "sdp", "from"])
 at [Source: REDACTED (`StreamReadFeature.INCLUDE_SOURCE_IN_LOCATION` disabled); line: 1, column: 26] (through reference chain: com.airlock.backend.dto.signal.SignalingMessage["roomId"])
	at com.fasterxml.jackson.databind.exc.UnrecognizedPropertyException.from(UnrecognizedPropertyException.java:61)
	at com.fasterxml.jackson.databind.DeserializationContext.handleUnknownProperty(DeserializationContext.java:1180)
	at com.fasterxml.jackson.databind.deser.std.StdDeserializer.handleUnknownProperty(StdDeserializer.java:2244)
	at com.fasterxml.jackson.databind.deser.BeanDeserializerBase.handleUnknownProperty(BeanDeserializerBase.java:1823)
	at com.fasterxml.jackson.databind.deser.BeanDeserializerBase.handleUnknownVanilla(BeanDeserializerBase.java:1801)
	at com.fasterxml.jackson.databind.deser.BeanDeserializer.vanillaDeserialize(BeanDeserializer.java:308)
	at com.fasterxml.jackson.databind.deser.BeanDeserializer.deserialize(BeanDeserializer.java:169)
	at com.fasterxml.jackson.databind.deser.DefaultDeserializationContext.readRootValue(DefaultDeserializationContext.java:342)
	at com.fasterxml.jackson.databind.ObjectMapper._readMapAndClose(ObjectMapper.java:4971)
	at com.fasterxml.jackson.databind.ObjectMapper.readValue(ObjectMapper.java:3887)
	at com.fasterxml.jackson.databind.ObjectMapper.readValue(ObjectMapper.java:3855)
	at com.airlock.backend.controller.SignalingHandler.handleTextMessage(SignalingHandler.java:38)
	at org.springframework.web.socket.handler.AbstractWebSocketHandler.handleMessage(AbstractWebSocketHandler.java:43)
	at org.springframework.web.socket.handler.WebSocketHandlerDecorator.handleMessage(WebSocketHandlerDecorator.java:75)
	at org.springframework.web.socket.handler.LoggingWebSocketHandlerDecorator.handleMessage(LoggingWebSocketHandlerDecorator.java:56)
	at org.springframework.web.socket.handler.ExceptionWebSocketHandlerDecorator.handleMessage(ExceptionWebSocketHandlerDecorator.java:58)
	at org.springframework.web.socket.adapter.standard.StandardWebSocketHandlerAdapter.handleTextMessage(StandardWebSocketHandlerAdapter.java:113)
	at org.springframework.web.socket.adapter.standard.StandardWebSocketHandlerAdapter$3.onMessage(StandardWebSocketHandlerAdapter.java:84)
	at org.springframework.web.socket.adapter.standard.StandardWebSocketHandlerAdapter$3.onMessage(StandardWebSocketHandlerAdapter.java:81)
	at org.apache.tomcat.websocket.WsFrameBase.sendMessageText(WsFrameBase.java:392)
	at org.apache.tomcat.websocket.server.WsFrameServer.sendMessageText(WsFrameServer.java:130)
	at org.apache.tomcat.websocket.WsFrameBase.processDataText(WsFrameBase.java:486)
	at org.apache.tomcat.websocket.WsFrameBase.processData(WsFrameBase.java:286)
	at org.apache.tomcat.websocket.WsFrameBase.processInputBuffer(WsFrameBase.java:129)
	at org.apache.tomcat.websocket.server.WsFrameServer.onDataAvailable(WsFrameServer.java:85)
	at org.apache.tomcat.websocket.server.WsFrameServer.doOnDataAvailable(WsFrameServer.java:184)
	at org.apache.tomcat.websocket.server.WsFrameServer.notifyDataAvailable(WsFrameServer.java:164)
	at org.apache.tomcat.websocket.server.WsHttpUpgradeHandler.upgradeDispatch(WsHttpUpgradeHandler.java:152)
	at org.apache.coyote.http11.upgrade.UpgradeProcessorInternal.dispatch(UpgradeProcessorInternal.java:60)
	at org.apache.coyote.AbstractProcessorLight.process(AbstractProcessorLight.java:57)
	at org.apache.coyote.AbstractProtocol$ConnectionHandler.process(AbstractProtocol.java:903)
	at org.apache.tomcat.util.net.NioEndpoint$SocketProcessor.doRun(NioEndpoint.java:1774)
	at org.apache.tomcat.util.net.SocketProcessorBase.run(SocketProcessorBase.java:52)
	at org.apache.tomcat.util.threads.ThreadPoolExecutor.runWorker(ThreadPoolExecutor.java:973)
	at org.apache.tomcat.util.threads.ThreadPoolExecutor$Worker.run(ThreadPoolExecutor.java:491)
	at org.apache.tomcat.util.threads.TaskThread$WrappingRunnable.run(TaskThread.java:63)
	at java.base/java.lang.Thread.run(Thread.java:842)
2025-11-21 01:23:22 INFO  [http-nio-8080-exec-3] c.a.b.controller.SignalingHandler - Received text message from signalingHandler: {"type":"chat","roomId":1,"senderId":1,"message":"ㄴㄴㄴ"}
2025-11-21 01:23:22 ERROR [http-nio-8080-exec-3] c.a.b.controller.SignalingHandler - Failed to parse signaling message
com.fasterxml.jackson.databind.exc.UnrecognizedPropertyException: Unrecognized field "roomId" (class com.airlock.backend.dto.signal.SignalingMessage), not marked as ignorable (8 known properties: "sdpMLineIndex", "candidate", "message", "sdpMid", "type", "to", "sdp", "from"])
 at [Source: REDACTED (`StreamReadFeature.INCLUDE_SOURCE_IN_LOCATION` disabled); line: 1, column: 26] (through reference chain: com.airlock.backend.dto.signal.SignalingMessage["roomId"])
	at com.fasterxml.jackson.databind.exc.UnrecognizedPropertyException.from(UnrecognizedPropertyException.java:61)
	at com.fasterxml.jackson.databind.DeserializationContext.handleUnknownProperty(DeserializationContext.java:1180)
	at com.fasterxml.jackson.databind.deser.std.StdDeserializer.handleUnknownProperty(StdDeserializer.java:2244)
	at com.fasterxml.jackson.databind.deser.BeanDeserializerBase.handleUnknownProperty(BeanDeserializerBase.java:1823)
	at com.fasterxml.jackson.databind.deser.BeanDeserializerBase.handleUnknownVanilla(BeanDeserializerBase.java:1801)
	at com.fasterxml.jackson.databind.deser.BeanDeserializer.vanillaDeserialize(BeanDeserializer.java:308)
	at com.fasterxml.jackson.databind.deser.BeanDeserializer.deserialize(BeanDeserializer.java:169)
	at com.fasterxml.jackson.databind.deser.DefaultDeserializationContext.readRootValue(DefaultDeserializationContext.java:342)
	at com.fasterxml.jackson.databind.ObjectMapper._readMapAndClose(ObjectMapper.java:4971)
	at com.fasterxml.jackson.databind.ObjectMapper.readValue(ObjectMapper.java:3887)
	at com.fasterxml.jackson.databind.ObjectMapper.readValue(ObjectMapper.java:3855)
	at com.airlock.backend.controller.SignalingHandler.handleTextMessage(SignalingHandler.java:38)
	at org.springframework.web.socket.handler.AbstractWebSocketHandler.handleMessage(AbstractWebSocketHandler.java:43)
	at org.springframework.web.socket.handler.WebSocketHandlerDecorator.handleMessage(WebSocketHandlerDecorator.java:75)
	at org.springframework.web.socket.handler.LoggingWebSocketHandlerDecorator.handleMessage(LoggingWebSocketHandlerDecorator.java:56)
	at org.springframework.web.socket.handler.ExceptionWebSocketHandlerDecorator.handleMessage(ExceptionWebSocketHandlerDecorator.java:58)
	at org.springframework.web.socket.adapter.standard.StandardWebSocketHandlerAdapter.handleTextMessage(StandardWebSocketHandlerAdapter.java:113)
	at org.springframework.web.socket.adapter.standard.StandardWebSocketHandlerAdapter$3.onMessage(StandardWebSocketHandlerAdapter.java:84)
	at org.springframework.web.socket.adapter.standard.StandardWebSocketHandlerAdapter$3.onMessage(StandardWebSocketHandlerAdapter.java:81)
	at org.apache.tomcat.websocket.WsFrameBase.sendMessageText(WsFrameBase.java:392)
	at org.apache.tomcat.websocket.server.WsFrameServer.sendMessageText(WsFrameServer.java:130)
	at org.apache.tomcat.websocket.WsFrameBase.processDataText(WsFrameBase.java:486)
	at org.apache.tomcat.websocket.WsFrameBase.processData(WsFrameBase.java:286)
	at org.apache.tomcat.websocket.WsFrameBase.processInputBuffer(WsFrameBase.java:129)
	at org.apache.tomcat.websocket.server.WsFrameServer.onDataAvailable(WsFrameServer.java:85)
	at org.apache.tomcat.websocket.server.WsFrameServer.doOnDataAvailable(WsFrameServer.java:184)
	at org.apache.tomcat.websocket.server.WsFrameServer.notifyDataAvailable(WsFrameServer.java:164)
	at org.apache.tomcat.websocket.server.WsHttpUpgradeHandler.upgradeDispatch(WsHttpUpgradeHandler.java:152)
	at org.apache.coyote.http11.upgrade.UpgradeProcessorInternal.dispatch(UpgradeProcessorInternal.java:60)
	at org.apache.coyote.AbstractProcessorLight.process(AbstractProcessorLight.java:57)
	at org.apache.coyote.AbstractProtocol$ConnectionHandler.process(AbstractProtocol.java:903)
	at org.apache.tomcat.util.net.NioEndpoint$SocketProcessor.doRun(NioEndpoint.java:1774)
	at org.apache.tomcat.util.net.SocketProcessorBase.run(SocketProcessorBase.java:52)
	at org.apache.tomcat.util.threads.ThreadPoolExecutor.runWorker(ThreadPoolExecutor.java:973)
	at org.apache.tomcat.util.threads.ThreadPoolExecutor$Worker.run(ThreadPoolExecutor.java:491)
	at org.apache.tomcat.util.threads.TaskThread$WrappingRunnable.run(TaskThread.java:63)
	at java.base/java.lang.Thread.run(Thread.java:842)
2025-11-21 01:23:26 INFO  [http-nio-8080-exec-4] c.a.b.controller.SignalingHandler - WebSocket connected: 55ee3db4-75db-ea9b-6821-7f2e38e60905
2025-11-21 01:23:26 INFO  [http-nio-8080-exec-4] c.a.b.controller.SignalingHandler - WebSocket closed: 55ee3db4-75db-ea9b-6821-7f2e38e60905 (CloseStatus[code=1006, reason=현재 연결은 사용자의 호스트 시스템의 소프트웨어의 의해 중단되었습니다])
2025-11-21 01:23:26 INFO  [http-nio-8080-exec-5] c.a.b.controller.SignalingHandler - WebSocket connected: ca55e05b-2bd4-4ef5-4c6e-89d91f2fde4d
2025-11-21 01:23:26 INFO  [http-nio-8080-exec-6] c.a.b.controller.SignalingHandler - Received text message from signalingHandler: {"type":"join","roomId":1,"userId":1}
2025-11-21 01:23:26 ERROR [http-nio-8080-exec-6] c.a.b.controller.SignalingHandler - Failed to parse signaling message
com.fasterxml.jackson.databind.exc.UnrecognizedPropertyException: Unrecognized field "roomId" (class com.airlock.backend.dto.signal.SignalingMessage), not marked as ignorable (8 known properties: "sdpMLineIndex", "candidate", "message", "sdpMid", "type", "to", "sdp", "from"])
 at [Source: REDACTED (`StreamReadFeature.INCLUDE_SOURCE_IN_LOCATION` disabled); line: 1, column: 26] (through reference chain: com.airlock.backend.dto.signal.SignalingMessage["roomId"])
	at com.fasterxml.jackson.databind.exc.UnrecognizedPropertyException.from(UnrecognizedPropertyException.java:61)
	at com.fasterxml.jackson.databind.DeserializationContext.handleUnknownProperty(DeserializationContext.java:1180)
	at com.fasterxml.jackson.databind.deser.std.StdDeserializer.handleUnknownProperty(StdDeserializer.java:2244)
	at com.fasterxml.jackson.databind.deser.BeanDeserializerBase.handleUnknownProperty(BeanDeserializerBase.java:1823)
	at com.fasterxml.jackson.databind.deser.BeanDeserializerBase.handleUnknownVanilla(BeanDeserializerBase.java:1801)
	at com.fasterxml.jackson.databind.deser.BeanDeserializer.vanillaDeserialize(BeanDeserializer.java:308)
	at com.fasterxml.jackson.databind.deser.BeanDeserializer.deserialize(BeanDeserializer.java:169)
	at com.fasterxml.jackson.databind.deser.DefaultDeserializationContext.readRootValue(DefaultDeserializationContext.java:342)
	at com.fasterxml.jackson.databind.ObjectMapper._readMapAndClose(ObjectMapper.java:4971)
	at com.fasterxml.jackson.databind.ObjectMapper.readValue(ObjectMapper.java:3887)
	at com.fasterxml.jackson.databind.ObjectMapper.readValue(ObjectMapper.java:3855)
	at com.airlock.backend.controller.SignalingHandler.handleTextMessage(SignalingHandler.java:38)
	at org.springframework.web.socket.handler.AbstractWebSocketHandler.handleMessage(AbstractWebSocketHandler.java:43)
	at org.springframework.web.socket.handler.WebSocketHandlerDecorator.handleMessage(WebSocketHandlerDecorator.java:75)
	at org.springframework.web.socket.handler.LoggingWebSocketHandlerDecorator.handleMessage(LoggingWebSocketHandlerDecorator.java:56)
	at org.springframework.web.socket.handler.ExceptionWebSocketHandlerDecorator.handleMessage(ExceptionWebSocketHandlerDecorator.java:58)
	at org.springframework.web.socket.adapter.standard.StandardWebSocketHandlerAdapter.handleTextMessage(StandardWebSocketHandlerAdapter.java:113)
	at org.springframework.web.socket.adapter.standard.StandardWebSocketHandlerAdapter$3.onMessage(StandardWebSocketHandlerAdapter.java:84)
	at org.springframework.web.socket.adapter.standard.StandardWebSocketHandlerAdapter$3.onMessage(StandardWebSocketHandlerAdapter.java:81)
	at org.apache.tomcat.websocket.WsFrameBase.sendMessageText(WsFrameBase.java:392)
	at org.apache.tomcat.websocket.server.WsFrameServer.sendMessageText(WsFrameServer.java:130)
	at org.apache.tomcat.websocket.WsFrameBase.processDataText(WsFrameBase.java:486)
	at org.apache.tomcat.websocket.WsFrameBase.processData(WsFrameBase.java:286)
	at org.apache.tomcat.websocket.WsFrameBase.processInputBuffer(WsFrameBase.java:129)
	at org.apache.tomcat.websocket.server.WsFrameServer.onDataAvailable(WsFrameServer.java:85)
	at org.apache.tomcat.websocket.server.WsFrameServer.doOnDataAvailable(WsFrameServer.java:184)
	at org.apache.tomcat.websocket.server.WsFrameServer.notifyDataAvailable(WsFrameServer.java:164)
	at org.apache.tomcat.websocket.server.WsHttpUpgradeHandler.upgradeDispatch(WsHttpUpgradeHandler.java:152)
	at org.apache.coyote.http11.upgrade.UpgradeProcessorInternal.dispatch(UpgradeProcessorInternal.java:60)
	at org.apache.coyote.AbstractProcessorLight.process(AbstractProcessorLight.java:57)
	at org.apache.coyote.AbstractProtocol$ConnectionHandler.process(AbstractProtocol.java:903)
	at org.apache.tomcat.util.net.NioEndpoint$SocketProcessor.doRun(NioEndpoint.java:1774)
	at org.apache.tomcat.util.net.SocketProcessorBase.run(SocketProcessorBase.java:52)
	at org.apache.tomcat.util.threads.ThreadPoolExecutor.runWorker(ThreadPoolExecutor.java:973)
	at org.apache.tomcat.util.threads.ThreadPoolExecutor$Worker.run(ThreadPoolExecutor.java:491)
	at org.apache.tomcat.util.threads.TaskThread$WrappingRunnable.run(TaskThread.java:63)
	at java.base/java.lang.Thread.run(Thread.java:842)
2025-11-21 01:23:29 INFO  [http-nio-8080-exec-7] c.a.b.controller.SignalingHandler - Received text message from signalingHandler: {"type":"chat","roomId":1,"senderId":1,"message":"ㄴㄴㄴㄴㄴ"}
2025-11-21 01:23:29 ERROR [http-nio-8080-exec-7] c.a.b.controller.SignalingHandler - Failed to parse signaling message
com.fasterxml.jackson.databind.exc.UnrecognizedPropertyException: Unrecognized field "roomId" (class com.airlock.backend.dto.signal.SignalingMessage), not marked as ignorable (8 known properties: "sdpMLineIndex", "candidate", "message", "sdpMid", "type", "to", "sdp", "from"])
 at [Source: REDACTED (`StreamReadFeature.INCLUDE_SOURCE_IN_LOCATION` disabled); line: 1, column: 26] (through reference chain: com.airlock.backend.dto.signal.SignalingMessage["roomId"])
	at com.fasterxml.jackson.databind.exc.UnrecognizedPropertyException.from(UnrecognizedPropertyException.java:61)
	at com.fasterxml.jackson.databind.DeserializationContext.handleUnknownProperty(DeserializationContext.java:1180)
	at com.fasterxml.jackson.databind.deser.std.StdDeserializer.handleUnknownProperty(StdDeserializer.java:2244)
	at com.fasterxml.jackson.databind.deser.BeanDeserializerBase.handleUnknownProperty(BeanDeserializerBase.java:1823)
	at com.fasterxml.jackson.databind.deser.BeanDeserializerBase.handleUnknownVanilla(BeanDeserializerBase.java:1801)
	at com.fasterxml.jackson.databind.deser.BeanDeserializer.vanillaDeserialize(BeanDeserializer.java:308)
	at com.fasterxml.jackson.databind.deser.BeanDeserializer.deserialize(BeanDeserializer.java:169)
	at com.fasterxml.jackson.databind.deser.DefaultDeserializationContext.readRootValue(DefaultDeserializationContext.java:342)
	at com.fasterxml.jackson.databind.ObjectMapper._readMapAndClose(ObjectMapper.java:4971)
	at com.fasterxml.jackson.databind.ObjectMapper.readValue(ObjectMapper.java:3887)
	at com.fasterxml.jackson.databind.ObjectMapper.readValue(ObjectMapper.java:3855)
	at com.airlock.backend.controller.SignalingHandler.handleTextMessage(SignalingHandler.java:38)
	at org.springframework.web.socket.handler.AbstractWebSocketHandler.handleMessage(AbstractWebSocketHandler.java:43)
	at org.springframework.web.socket.handler.WebSocketHandlerDecorator.handleMessage(WebSocketHandlerDecorator.java:75)
	at org.springframework.web.socket.handler.LoggingWebSocketHandlerDecorator.handleMessage(LoggingWebSocketHandlerDecorator.java:56)
	at org.springframework.web.socket.handler.ExceptionWebSocketHandlerDecorator.handleMessage(ExceptionWebSocketHandlerDecorator.java:58)
	at org.springframework.web.socket.adapter.standard.StandardWebSocketHandlerAdapter.handleTextMessage(StandardWebSocketHandlerAdapter.java:113)
	at org.springframework.web.socket.adapter.standard.StandardWebSocketHandlerAdapter$3.onMessage(StandardWebSocketHandlerAdapter.java:84)
	at org.springframework.web.socket.adapter.standard.StandardWebSocketHandlerAdapter$3.onMessage(StandardWebSocketHandlerAdapter.java:81)
	at org.apache.tomcat.websocket.WsFrameBase.sendMessageText(WsFrameBase.java:392)
	at org.apache.tomcat.websocket.server.WsFrameServer.sendMessageText(WsFrameServer.java:130)
	at org.apache.tomcat.websocket.WsFrameBase.processDataText(WsFrameBase.java:486)
	at org.apache.tomcat.websocket.WsFrameBase.processData(WsFrameBase.java:286)
	at org.apache.tomcat.websocket.WsFrameBase.processInputBuffer(WsFrameBase.java:129)
	at org.apache.tomcat.websocket.server.WsFrameServer.onDataAvailable(WsFrameServer.java:85)
	at org.apache.tomcat.websocket.server.WsFrameServer.doOnDataAvailable(WsFrameServer.java:184)
	at org.apache.tomcat.websocket.server.WsFrameServer.notifyDataAvailable(WsFrameServer.java:164)
	at org.apache.tomcat.websocket.server.WsHttpUpgradeHandler.upgradeDispatch(WsHttpUpgradeHandler.java:152)
	at org.apache.coyote.http11.upgrade.UpgradeProcessorInternal.dispatch(UpgradeProcessorInternal.java:60)
	at org.apache.coyote.AbstractProcessorLight.process(AbstractProcessorLight.java:57)
	at org.apache.coyote.AbstractProtocol$ConnectionHandler.process(AbstractProtocol.java:903)
	at org.apache.tomcat.util.net.NioEndpoint$SocketProcessor.doRun(NioEndpoint.java:1774)
	at org.apache.tomcat.util.net.SocketProcessorBase.run(SocketProcessorBase.java:52)
	at org.apache.tomcat.util.threads.ThreadPoolExecutor.runWorker(ThreadPoolExecutor.java:973)
	at org.apache.tomcat.util.threads.ThreadPoolExecutor$Worker.run(ThreadPoolExecutor.java:491)
	at org.apache.tomcat.util.threads.TaskThread$WrappingRunnable.run(TaskThread.java:63)
	at java.base/java.lang.Thread.run(Thread.java:842)
2025-11-21 01:23:31 INFO  [http-nio-8080-exec-8] c.a.b.controller.SignalingHandler - Received text message from signalingHandler: {"type":"chat","roomId":1,"senderId":1,"message":"ㅇㅇㅇㅇ"}
2025-11-21 01:23:31 ERROR [http-nio-8080-exec-8] c.a.b.controller.SignalingHandler - Failed to parse signaling message
com.fasterxml.jackson.databind.exc.UnrecognizedPropertyException: Unrecognized field "roomId" (class com.airlock.backend.dto.signal.SignalingMessage), not marked as ignorable (8 known properties: "sdpMLineIndex", "candidate", "message", "sdpMid", "type", "to", "sdp", "from"])
 at [Source: REDACTED (`StreamReadFeature.INCLUDE_SOURCE_IN_LOCATION` disabled); line: 1, column: 26] (through reference chain: com.airlock.backend.dto.signal.SignalingMessage["roomId"])
	at com.fasterxml.jackson.databind.exc.UnrecognizedPropertyException.from(UnrecognizedPropertyException.java:61)
	at com.fasterxml.jackson.databind.DeserializationContext.handleUnknownProperty(DeserializationContext.java:1180)
	at com.fasterxml.jackson.databind.deser.std.StdDeserializer.handleUnknownProperty(StdDeserializer.java:2244)
	at com.fasterxml.jackson.databind.deser.BeanDeserializerBase.handleUnknownProperty(BeanDeserializerBase.java:1823)
	at com.fasterxml.jackson.databind.deser.BeanDeserializerBase.handleUnknownVanilla(BeanDeserializerBase.java:1801)
	at com.fasterxml.jackson.databind.deser.BeanDeserializer.vanillaDeserialize(BeanDeserializer.java:308)
	at com.fasterxml.jackson.databind.deser.BeanDeserializer.deserialize(BeanDeserializer.java:169)
	at com.fasterxml.jackson.databind.deser.DefaultDeserializationContext.readRootValue(DefaultDeserializationContext.java:342)
	at com.fasterxml.jackson.databind.ObjectMapper._readMapAndClose(ObjectMapper.java:4971)
	at com.fasterxml.jackson.databind.ObjectMapper.readValue(ObjectMapper.java:3887)
	at com.fasterxml.jackson.databind.ObjectMapper.readValue(ObjectMapper.java:3855)
	at com.airlock.backend.controller.SignalingHandler.handleTextMessage(SignalingHandler.java:38)
	at org.springframework.web.socket.handler.AbstractWebSocketHandler.handleMessage(AbstractWebSocketHandler.java:43)
	at org.springframework.web.socket.handler.WebSocketHandlerDecorator.handleMessage(WebSocketHandlerDecorator.java:75)
	at org.springframework.web.socket.handler.LoggingWebSocketHandlerDecorator.handleMessage(LoggingWebSocketHandlerDecorator.java:56)
	at org.springframework.web.socket.handler.ExceptionWebSocketHandlerDecorator.handleMessage(ExceptionWebSocketHandlerDecorator.java:58)
	at org.springframework.web.socket.adapter.standard.StandardWebSocketHandlerAdapter.handleTextMessage(StandardWebSocketHandlerAdapter.java:113)
	at org.springframework.web.socket.adapter.standard.StandardWebSocketHandlerAdapter$3.onMessage(StandardWebSocketHandlerAdapter.java:84)
	at org.springframework.web.socket.adapter.standard.StandardWebSocketHandlerAdapter$3.onMessage(StandardWebSocketHandlerAdapter.java:81)
	at org.apache.tomcat.websocket.WsFrameBase.sendMessageText(WsFrameBase.java:392)
	at org.apache.tomcat.websocket.server.WsFrameServer.sendMessageText(WsFrameServer.java:130)
	at org.apache.tomcat.websocket.WsFrameBase.processDataText(WsFrameBase.java:486)
	at org.apache.tomcat.websocket.WsFrameBase.processData(WsFrameBase.java:286)
	at org.apache.tomcat.websocket.WsFrameBase.processInputBuffer(WsFrameBase.java:129)
	at org.apache.tomcat.websocket.server.WsFrameServer.onDataAvailable(WsFrameServer.java:85)
	at org.apache.tomcat.websocket.server.WsFrameServer.doOnDataAvailable(WsFrameServer.java:184)
	at org.apache.tomcat.websocket.server.WsFrameServer.notifyDataAvailable(WsFrameServer.java:164)
	at org.apache.tomcat.websocket.server.WsHttpUpgradeHandler.upgradeDispatch(WsHttpUpgradeHandler.java:152)
	at org.apache.coyote.http11.upgrade.UpgradeProcessorInternal.dispatch(UpgradeProcessorInternal.java:60)
	at org.apache.coyote.AbstractProcessorLight.process(AbstractProcessorLight.java:57)
	at org.apache.coyote.AbstractProtocol$ConnectionHandler.process(AbstractProtocol.java:903)
	at org.apache.tomcat.util.net.NioEndpoint$SocketProcessor.doRun(NioEndpoint.java:1774)
	at org.apache.tomcat.util.net.SocketProcessorBase.run(SocketProcessorBase.java:52)
	at org.apache.tomcat.util.threads.ThreadPoolExecutor.runWorker(ThreadPoolExecutor.java:973)
	at org.apache.tomcat.util.threads.ThreadPoolExecutor$Worker.run(ThreadPoolExecutor.java:491)
	at org.apache.tomcat.util.threads.TaskThread$WrappingRunnable.run(TaskThread.java:63)
	at java.base/java.lang.Thread.run(Thread.java:842)
2025-11-21 01:32:29 INFO  [http-nio-8080-exec-9] c.a.b.controller.SignalingHandler - WebSocket closed: 9c525885-2318-cceb-9c30-46e6f2d36c0c (CloseStatus[code=1001, reason=null])
2025-11-21 01:32:30 INFO  [http-nio-8080-exec-10] c.a.b.controller.SignalingHandler - WebSocket connected: 31c5c7bc-da20-3c63-35ab-6c9ddc6ffa35
2025-11-21 01:32:30 INFO  [http-nio-8080-exec-10] c.a.b.controller.SignalingHandler - WebSocket closed: 31c5c7bc-da20-3c63-35ab-6c9ddc6ffa35 (CloseStatus[code=1006, reason=현재 연결은 사용자의 호스트 시스템의 소프트웨어의 의해 중단되었습니다])
2025-11-21 01:32:30 INFO  [http-nio-8080-exec-1] c.a.b.controller.SignalingHandler - WebSocket connected: bac8b12c-ec03-b159-21b2-bc7bcba235de
2025-11-21 01:32:30 INFO  [http-nio-8080-exec-2] c.a.b.controller.SignalingHandler - Received text message from signalingHandler: {"type":"join","roomId":1,"userId":1}
2025-11-21 01:32:30 ERROR [http-nio-8080-exec-2] c.a.b.controller.SignalingHandler - Failed to parse signaling message
com.fasterxml.jackson.databind.exc.UnrecognizedPropertyException: Unrecognized field "roomId" (class com.airlock.backend.dto.signal.SignalingMessage), not marked as ignorable (8 known properties: "sdpMLineIndex", "candidate", "message", "sdpMid", "type", "to", "sdp", "from"])
 at [Source: REDACTED (`StreamReadFeature.INCLUDE_SOURCE_IN_LOCATION` disabled); line: 1, column: 26] (through reference chain: com.airlock.backend.dto.signal.SignalingMessage["roomId"])
	at com.fasterxml.jackson.databind.exc.UnrecognizedPropertyException.from(UnrecognizedPropertyException.java:61)
	at com.fasterxml.jackson.databind.DeserializationContext.handleUnknownProperty(DeserializationContext.java:1180)
	at com.fasterxml.jackson.databind.deser.std.StdDeserializer.handleUnknownProperty(StdDeserializer.java:2244)
	at com.fasterxml.jackson.databind.deser.BeanDeserializerBase.handleUnknownProperty(BeanDeserializerBase.java:1823)
	at com.fasterxml.jackson.databind.deser.BeanDeserializerBase.handleUnknownVanilla(BeanDeserializerBase.java:1801)
	at com.fasterxml.jackson.databind.deser.BeanDeserializer.vanillaDeserialize(BeanDeserializer.java:308)
	at com.fasterxml.jackson.databind.deser.BeanDeserializer.deserialize(BeanDeserializer.java:169)
	at com.fasterxml.jackson.databind.deser.DefaultDeserializationContext.readRootValue(DefaultDeserializationContext.java:342)
	at com.fasterxml.jackson.databind.ObjectMapper._readMapAndClose(ObjectMapper.java:4971)
	at com.fasterxml.jackson.databind.ObjectMapper.readValue(ObjectMapper.java:3887)
	at com.fasterxml.jackson.databind.ObjectMapper.readValue(ObjectMapper.java:3855)
	at com.airlock.backend.controller.SignalingHandler.handleTextMessage(SignalingHandler.java:38)
	at org.springframework.web.socket.handler.AbstractWebSocketHandler.handleMessage(AbstractWebSocketHandler.java:43)
	at org.springframework.web.socket.handler.WebSocketHandlerDecorator.handleMessage(WebSocketHandlerDecorator.java:75)
	at org.springframework.web.socket.handler.LoggingWebSocketHandlerDecorator.handleMessage(LoggingWebSocketHandlerDecorator.java:56)
	at org.springframework.web.socket.handler.ExceptionWebSocketHandlerDecorator.handleMessage(ExceptionWebSocketHandlerDecorator.java:58)
	at org.springframework.web.socket.adapter.standard.StandardWebSocketHandlerAdapter.handleTextMessage(StandardWebSocketHandlerAdapter.java:113)
	at org.springframework.web.socket.adapter.standard.StandardWebSocketHandlerAdapter$3.onMessage(StandardWebSocketHandlerAdapter.java:84)
	at org.springframework.web.socket.adapter.standard.StandardWebSocketHandlerAdapter$3.onMessage(StandardWebSocketHandlerAdapter.java:81)
	at org.apache.tomcat.websocket.WsFrameBase.sendMessageText(WsFrameBase.java:392)
	at org.apache.tomcat.websocket.server.WsFrameServer.sendMessageText(WsFrameServer.java:130)
	at org.apache.tomcat.websocket.WsFrameBase.processDataText(WsFrameBase.java:486)
	at org.apache.tomcat.websocket.WsFrameBase.processData(WsFrameBase.java:286)
	at org.apache.tomcat.websocket.WsFrameBase.processInputBuffer(WsFrameBase.java:129)
	at org.apache.tomcat.websocket.server.WsFrameServer.onDataAvailable(WsFrameServer.java:85)
	at org.apache.tomcat.websocket.server.WsFrameServer.doOnDataAvailable(WsFrameServer.java:184)
	at org.apache.tomcat.websocket.server.WsFrameServer.notifyDataAvailable(WsFrameServer.java:164)
	at org.apache.tomcat.websocket.server.WsHttpUpgradeHandler.upgradeDispatch(WsHttpUpgradeHandler.java:152)
	at org.apache.coyote.http11.upgrade.UpgradeProcessorInternal.dispatch(UpgradeProcessorInternal.java:60)
	at org.apache.coyote.AbstractProcessorLight.process(AbstractProcessorLight.java:57)
	at org.apache.coyote.AbstractProtocol$ConnectionHandler.process(AbstractProtocol.java:903)
	at org.apache.tomcat.util.net.NioEndpoint$SocketProcessor.doRun(NioEndpoint.java:1774)
	at org.apache.tomcat.util.net.SocketProcessorBase.run(SocketProcessorBase.java:52)
	at org.apache.tomcat.util.threads.ThreadPoolExecutor.runWorker(ThreadPoolExecutor.java:973)
	at org.apache.tomcat.util.threads.ThreadPoolExecutor$Worker.run(ThreadPoolExecutor.java:491)
	at org.apache.tomcat.util.threads.TaskThread$WrappingRunnable.run(TaskThread.java:63)
	at java.base/java.lang.Thread.run(Thread.java:842)
2025-11-21 01:32:42 INFO  [http-nio-8080-exec-3] c.a.b.controller.SignalingHandler - WebSocket closed: bac8b12c-ec03-b159-21b2-bc7bcba235de (CloseStatus[code=1001, reason=null])
2025-11-21 01:38:09 INFO  [http-nio-8080-exec-4] c.a.b.controller.SignalingHandler - WebSocket closed: ca55e05b-2bd4-4ef5-4c6e-89d91f2fde4d (CloseStatus[code=1000, reason=null])
2025-11-21 01:38:09 INFO  [http-nio-8080-exec-5] c.a.b.controller.SignalingHandler - WebSocket connected: 973b4e57-b24f-5380-e3e5-bd17959c972c
2025-11-21 01:38:09 INFO  [http-nio-8080-exec-6] c.a.b.controller.SignalingHandler - Received text message from signalingHandler: {"type":"join","from":"2"}
2025-11-21 01:38:12 INFO  [http-nio-8080-exec-7] c.a.b.controller.SignalingHandler - WebSocket closed: 973b4e57-b24f-5380-e3e5-bd17959c972c (CloseStatus[code=1001, reason=null])
2025-11-21 01:38:14 INFO  [http-nio-8080-exec-8] c.a.b.controller.SignalingHandler - WebSocket connected: f36c0560-3f5a-f1c1-39e2-9bb9b6fc43f7
2025-11-21 01:38:14 INFO  [http-nio-8080-exec-8] c.a.b.controller.SignalingHandler - WebSocket closed: f36c0560-3f5a-f1c1-39e2-9bb9b6fc43f7 (CloseStatus[code=1006, reason=현재 연결은 사용자의 호스트 시스템의 소프트웨어의 의해 중단되었습니다])
2025-11-21 01:38:14 INFO  [http-nio-8080-exec-9] c.a.b.controller.SignalingHandler - WebSocket connected: 2220c76d-94cb-c315-1d99-d25f392205c0
2025-11-21 01:38:14 INFO  [http-nio-8080-exec-10] c.a.b.controller.SignalingHandler - Received text message from signalingHandler: {"type":"join","from":"2"}
2025-11-21 01:38:20 INFO  [http-nio-8080-exec-1] c.a.b.controller.SignalingHandler - WebSocket connected: 19dcccf9-fda9-7b72-5b71-7bffc6280be7
2025-11-21 01:38:20 INFO  [http-nio-8080-exec-1] c.a.b.controller.SignalingHandler - WebSocket closed: 19dcccf9-fda9-7b72-5b71-7bffc6280be7 (CloseStatus[code=1006, reason=현재 연결은 사용자의 호스트 시스템의 소프트웨어의 의해 중단되었습니다])
2025-11-21 01:38:20 INFO  [http-nio-8080-exec-2] c.a.b.controller.SignalingHandler - WebSocket connected: 1f3eedb9-b948-fac5-633a-3575de312f42
2025-11-21 01:38:20 INFO  [http-nio-8080-exec-3] c.a.b.controller.SignalingHandler - Received text message from signalingHandler: {"type":"join","from":"2"}
2025-11-21 01:38:24 INFO  [http-nio-8080-exec-4] c.a.b.controller.SignalingHandler - Received text message from signalingHandler: {"type":"chat","to":"1","message":"ㄴㄴ","from":"2"}
2025-11-21 01:38:27 INFO  [http-nio-8080-exec-5] c.a.b.controller.SignalingHandler - Received text message from signalingHandler: {"type":"chat","to":"1","message":"ㄴㄴ","from":"2"}
2025-11-21 01:38:29 INFO  [http-nio-8080-exec-6] c.a.b.controller.SignalingHandler - Received text message from signalingHandler: {"type":"chat","to":"1","message":"ㄴㄴㄴ","from":"2"}
2025-11-21 01:38:31 INFO  [http-nio-8080-exec-7] c.a.b.controller.SignalingHandler - WebSocket closed: 1f3eedb9-b948-fac5-633a-3575de312f42 (CloseStatus[code=1000, reason=null])
2025-11-21 01:38:31 INFO  [http-nio-8080-exec-8] c.a.b.controller.SignalingHandler - WebSocket connected: c443c5fe-e0fc-46ea-6009-770c647e4b54
2025-11-21 01:38:31 INFO  [http-nio-8080-exec-8] c.a.b.controller.SignalingHandler - WebSocket closed: c443c5fe-e0fc-46ea-6009-770c647e4b54 (CloseStatus[code=1006, reason=현재 연결은 사용자의 호스트 시스템의 소프트웨어의 의해 중단되었습니다])
2025-11-21 01:38:31 INFO  [http-nio-8080-exec-9] c.a.b.controller.SignalingHandler - WebSocket connected: 12c0d768-81bc-302b-8953-8b875e1c3d6a
2025-11-21 01:38:31 INFO  [http-nio-8080-exec-10] c.a.b.controller.SignalingHandler - Received text message from signalingHandler: {"type":"join","from":"2"}
2025-11-21 01:38:33 INFO  [http-nio-8080-exec-1] c.a.b.controller.SignalingHandler - Received text message from signalingHandler: {"type":"chat","to":"1","message":"ㄴㄴㄴ","from":"2"}
2025-11-21 01:38:54 INFO  [http-nio-8080-exec-2] c.a.b.controller.SignalingHandler - WebSocket connected: 027012ed-0a0c-4836-b6d9-7168fd2c2c21
2025-11-21 01:38:54 INFO  [http-nio-8080-exec-2] c.a.b.controller.SignalingHandler - WebSocket closed: 027012ed-0a0c-4836-b6d9-7168fd2c2c21 (CloseStatus[code=1006, reason=현재 연결은 사용자의 호스트 시스템의 소프트웨어의 의해 중단되었습니다])
2025-11-21 01:38:54 INFO  [http-nio-8080-exec-3] c.a.b.controller.SignalingHandler - WebSocket connected: 31622bf4-ecdd-bf12-3539-bce7da060408
2025-11-21 01:38:54 INFO  [http-nio-8080-exec-4] c.a.b.controller.SignalingHandler - Received text message from signalingHandler: {"type":"join","from":"2"}
2025-11-21 01:39:00 INFO  [http-nio-8080-exec-5] c.a.b.controller.SignalingHandler - Received text message from signalingHandler: {"type":"chat","to":"1","message":"ㄴㄴㄴ","from":"2"}
2025-11-21 01:39:32 INFO  [http-nio-8080-exec-6] c.a.b.controller.SignalingHandler - WebSocket closed: 31622bf4-ecdd-bf12-3539-bce7da060408 (CloseStatus[code=1001, reason=null])
2025-11-21 01:39:33 INFO  [http-nio-8080-exec-7] c.a.b.controller.SignalingHandler - WebSocket closed: 12c0d768-81bc-302b-8953-8b875e1c3d6a (CloseStatus[code=1001, reason=null])
2025-11-21 01:39:35 INFO  [http-nio-8080-exec-8] c.a.b.controller.SignalingHandler - WebSocket closed: 2220c76d-94cb-c315-1d99-d25f392205c0 (CloseStatus[code=1001, reason=null])
2025-11-21 01:39:36 INFO  [http-nio-8080-exec-9] c.a.b.controller.SignalingHandler - WebSocket connected: d3a54098-7e48-8ab6-de35-62a382b8d46c
2025-11-21 01:39:36 INFO  [http-nio-8080-exec-9] c.a.b.controller.SignalingHandler - WebSocket closed: d3a54098-7e48-8ab6-de35-62a382b8d46c (CloseStatus[code=1006, reason=현재 연결은 사용자의 호스트 시스템의 소프트웨어의 의해 중단되었습니다])
2025-11-21 01:39:36 INFO  [http-nio-8080-exec-10] c.a.b.controller.SignalingHandler - WebSocket connected: e7744f7c-2236-f0d3-6411-c80934af6bfa
2025-11-21 01:39:36 INFO  [http-nio-8080-exec-1] c.a.b.controller.SignalingHandler - Received text message from signalingHandler: {"type":"join","from":"2"}
2025-11-21 01:39:49 INFO  [http-nio-8080-exec-2] c.a.b.controller.SignalingHandler - WebSocket connected: ac4db7c0-a673-31cd-ed83-02dee885099b
2025-11-21 01:39:49 INFO  [http-nio-8080-exec-2] c.a.b.controller.SignalingHandler - WebSocket closed: ac4db7c0-a673-31cd-ed83-02dee885099b (CloseStatus[code=1006, reason=현재 연결은 사용자의 호스트 시스템의 소프트웨어의 의해 중단되었습니다])
2025-11-21 01:39:49 INFO  [http-nio-8080-exec-3] c.a.b.controller.SignalingHandler - WebSocket connected: 53af5032-ecc0-ac3c-e529-09bf9340f76e
2025-11-21 01:39:49 INFO  [http-nio-8080-exec-4] c.a.b.controller.SignalingHandler - Received text message from signalingHandler: {"type":"join","from":"2"}
2025-11-21 01:39:54 INFO  [http-nio-8080-exec-5] c.a.b.controller.SignalingHandler - Received text message from signalingHandler: {"type":"chat","to":"1","message":"gd","from":"2"}
2025-11-21 01:39:57 INFO  [http-nio-8080-exec-6] c.a.b.controller.SignalingHandler - Received text message from signalingHandler: {"type":"chat","to":"1","message":"~~","from":"2"}
2025-11-21 01:40:03 INFO  [http-nio-8080-exec-7] c.a.b.controller.SignalingHandler - WebSocket closed: 53af5032-ecc0-ac3c-e529-09bf9340f76e (CloseStatus[code=1001, reason=null])
2025-11-21 01:40:04 INFO  [http-nio-8080-exec-8] c.a.b.controller.SignalingHandler - WebSocket connected: f56de6f5-ccc7-e5f5-0f7b-4145a9771d59
2025-11-21 01:40:04 INFO  [http-nio-8080-exec-8] c.a.b.controller.SignalingHandler - WebSocket closed: f56de6f5-ccc7-e5f5-0f7b-4145a9771d59 (CloseStatus[code=1006, reason=현재 연결은 사용자의 호스트 시스템의 소프트웨어의 의해 중단되었습니다])
2025-11-21 01:40:04 INFO  [http-nio-8080-exec-9] c.a.b.controller.SignalingHandler - WebSocket connected: c6d15bcb-381d-b9b8-dc9e-d94de337e444
2025-11-21 01:40:04 INFO  [http-nio-8080-exec-10] c.a.b.controller.SignalingHandler - Received text message from signalingHandler: {"type":"join","from":"2"}
2025-11-21 01:40:06 INFO  [http-nio-8080-exec-1] c.a.b.controller.SignalingHandler - Received text message from signalingHandler: {"type":"chat","to":"1","message":"ㅇㅇㅇ","from":"2"}
2025-11-21 01:43:02 INFO  [http-nio-8080-exec-2] c.a.b.controller.SignalingHandler - WebSocket closed: e7744f7c-2236-f0d3-6411-c80934af6bfa (CloseStatus[code=1000, reason=null])
2025-11-21 01:43:02 INFO  [http-nio-8080-exec-3] c.a.b.controller.SignalingHandler - WebSocket closed: c6d15bcb-381d-b9b8-dc9e-d94de337e444 (CloseStatus[code=1000, reason=null])
2025-11-21 01:43:02 INFO  [http-nio-8080-exec-4] c.a.b.controller.SignalingHandler - WebSocket connected: 8bf5b831-00b2-0b3b-4918-fa8a4151d7f0
2025-11-21 01:43:02 INFO  [http-nio-8080-exec-5] c.a.b.controller.SignalingHandler - WebSocket connected: a0b06c52-429a-ca6f-984d-4d8a5258918a
2025-11-21 01:43:02 INFO  [http-nio-8080-exec-6] c.a.b.controller.SignalingHandler - Received text message from signalingHandler: {"type":"join","from":"1"}
2025-11-21 01:43:02 INFO  [http-nio-8080-exec-7] c.a.b.controller.SignalingHandler - Received text message from signalingHandler: {"type":"join","from":"1"}
2025-11-21 01:43:05 INFO  [http-nio-8080-exec-8] c.a.b.controller.SignalingHandler - WebSocket closed: a0b06c52-429a-ca6f-984d-4d8a5258918a (CloseStatus[code=1001, reason=null])
2025-11-21 01:43:07 INFO  [http-nio-8080-exec-9] c.a.b.controller.SignalingHandler - WebSocket connected: 3ed61523-b813-70cf-917d-48e0b3e0c3d1
2025-11-21 01:43:07 INFO  [http-nio-8080-exec-9] c.a.b.controller.SignalingHandler - WebSocket closed: 3ed61523-b813-70cf-917d-48e0b3e0c3d1 (CloseStatus[code=1006, reason=현재 연결은 사용자의 호스트 시스템의 소프트웨어의 의해 중단되었습니다])
2025-11-21 01:43:07 INFO  [http-nio-8080-exec-10] c.a.b.controller.SignalingHandler - WebSocket connected: 157d792c-c308-3925-5f2d-4095d5af1f70
2025-11-21 01:43:07 INFO  [http-nio-8080-exec-1] c.a.b.controller.SignalingHandler - Received text message from signalingHandler: {"type":"join","from":"1"}
2025-11-21 01:43:10 INFO  [http-nio-8080-exec-3] c.a.b.controller.SignalingHandler - WebSocket closed: 157d792c-c308-3925-5f2d-4095d5af1f70 (CloseStatus[code=1001, reason=null])
2025-11-21 01:43:12 INFO  [http-nio-8080-exec-2] c.a.b.controller.SignalingHandler - WebSocket closed: 8bf5b831-00b2-0b3b-4918-fa8a4151d7f0 (CloseStatus[code=1001, reason=null])
2025-11-21 01:43:13 INFO  [http-nio-8080-exec-4] c.a.b.controller.SignalingHandler - WebSocket connected: 54ef794c-0b29-b6a2-291f-249502f111bf
2025-11-21 01:43:13 INFO  [http-nio-8080-exec-4] c.a.b.controller.SignalingHandler - WebSocket closed: 54ef794c-0b29-b6a2-291f-249502f111bf (CloseStatus[code=1006, reason=현재 연결은 사용자의 호스트 시스템의 소프트웨어의 의해 중단되었습니다])
2025-11-21 01:43:13 INFO  [http-nio-8080-exec-5] c.a.b.controller.SignalingHandler - WebSocket connected: 18cb2ad7-139a-f0ff-55c1-2065a1ab7fb6
2025-11-21 01:43:13 INFO  [http-nio-8080-exec-6] c.a.b.controller.SignalingHandler - Received text message from signalingHandler: {"type":"join","from":"1"}
2025-11-21 01:43:15 INFO  [http-nio-8080-exec-7] c.a.b.controller.SignalingHandler - WebSocket connected: 04c8f4f2-76e3-4b0a-4143-01ceb8008d05
2025-11-21 01:43:15 INFO  [http-nio-8080-exec-7] c.a.b.controller.SignalingHandler - WebSocket closed: 04c8f4f2-76e3-4b0a-4143-01ceb8008d05 (CloseStatus[code=1006, reason=현재 연결은 사용자의 호스트 시스템의 소프트웨어의 의해 중단되었습니다])
2025-11-21 01:43:15 INFO  [http-nio-8080-exec-8] c.a.b.controller.SignalingHandler - WebSocket connected: 77805f54-0652-2578-9823-4fc7b23c5c96
2025-11-21 01:43:15 INFO  [http-nio-8080-exec-9] c.a.b.controller.SignalingHandler - Received text message from signalingHandler: {"type":"join","from":"1"}
2025-11-21 01:43:17 INFO  [http-nio-8080-exec-10] c.a.b.controller.SignalingHandler - Received text message from signalingHandler: {"type":"chat","to":"2","message":"ㄴㄴ","from":"1"}
2025-11-21 01:43:20 INFO  [http-nio-8080-exec-1] c.a.b.controller.SignalingHandler - Received text message from signalingHandler: {"type":"chat","to":"2","message":"ㅇㅇ","from":"1"}
2025-11-21 01:45:38 INFO  [http-nio-8080-exec-3] c.a.b.controller.SignalingHandler - WebSocket closed: 77805f54-0652-2578-9823-4fc7b23c5c96 (CloseStatus[code=1001, reason=null])
2025-11-21 01:45:47 INFO  [http-nio-8080-exec-2] c.a.b.controller.SignalingHandler - WebSocket closed: 18cb2ad7-139a-f0ff-55c1-2065a1ab7fb6 (CloseStatus[code=1001, reason=null])
2025-11-21 01:45:50 INFO  [http-nio-8080-exec-4] c.a.b.controller.SignalingHandler - WebSocket connected: fc191259-37e9-63e2-e7cf-ab4c62c1055f
2025-11-21 01:45:50 INFO  [http-nio-8080-exec-4] c.a.b.controller.SignalingHandler - WebSocket closed: fc191259-37e9-63e2-e7cf-ab4c62c1055f (CloseStatus[code=1006, reason=현재 연결은 사용자의 호스트 시스템의 소프트웨어의 의해 중단되었습니다])
2025-11-21 01:45:50 INFO  [http-nio-8080-exec-5] c.a.b.controller.SignalingHandler - WebSocket connected: 068151f1-be86-cbba-6f29-6c04470c9656
2025-11-21 01:45:50 INFO  [http-nio-8080-exec-6] c.a.b.controller.SignalingHandler - Received text message from signalingHandler: {"type":"join","from":"2"}
2025-11-21 01:45:52 INFO  [http-nio-8080-exec-7] c.a.b.controller.SignalingHandler - WebSocket connected: dc2b7ae8-751c-ecdd-3c03-a766115defad
2025-11-21 01:45:52 INFO  [http-nio-8080-exec-7] c.a.b.controller.SignalingHandler - WebSocket closed: dc2b7ae8-751c-ecdd-3c03-a766115defad (CloseStatus[code=1006, reason=현재 연결은 사용자의 호스트 시스템의 소프트웨어의 의해 중단되었습니다])
2025-11-21 01:45:52 INFO  [http-nio-8080-exec-8] c.a.b.controller.SignalingHandler - WebSocket connected: d2985ed2-8124-b0f9-76ed-64ad63c0404e
2025-11-21 01:45:52 INFO  [http-nio-8080-exec-9] c.a.b.controller.SignalingHandler - Received text message from signalingHandler: {"type":"join","from":"1"}
2025-11-21 01:45:54 INFO  [http-nio-8080-exec-10] c.a.b.controller.SignalingHandler - Received text message from signalingHandler: {"type":"chat","to":"2","message":"ㅇㅇ","from":"1"}
